Question 3 
----------

THESE TESTS USED ALTERNATIVE DATA STRUCTURE

Test Strings Used = ['', 'y', 'ye', 'yes', 'x']

Command: python -m unittest discover -v tests

	test_no_answers (test_commands.CommandTest) ... ok   ----> Written test case
	test_yes_answers (test_commands.CommandTest) ... ok  ----> Written test case
	test_hint (test_data.DataTest) ... ok
	test_long_description (test_data.DataTest) ... ok
	test_long_description_expands_tabs (test_data.DataTest) ... ok
	test_object_message_expands_tabs (test_data.DataTest) ... ok
	test_short_description (test_data.DataTest) ... ok
	test_move_repr_look_good (test_data.ReprTest) ... ok
	test_move_repr_works_on_all_moves (test_data.ReprTest) ... ok
	test_object_repr (test_data.ReprTest) ... ok
	test_room_repr (test_data.ReprTest) ... ok
	test_word_repr (test_data.ReprTest) ... ok
	/home/varundn/CDS/Fall 2015/Python - DS-GA 1007/assignment5/vdn207/adventure/tests/syntax.txt
	Doctest: syntax.txt ... ok
	/home/varundn/CDS/Fall 2015/Python - DS-GA 1007/assignment5/vdn207/adventure/tests/vignettes.txt
	Doctest: vignettes.txt ... ok

	----------------------------------------------------------------------
	Ran 14 tests in 4.259s

	OK



Test Strings Used = ['', 'y', 'ye', 'yes', 'x', 'n']

Command: python -m unittest discover -v tests

	test_no_answers (test_commands.CommandTest) ... ok    ----> Written test case
	test_yes_answers (test_commands.CommandTest) ... FAIL --- > Deliberately made it fail
	test_hint (test_data.DataTest) ... ok
	test_long_description (test_data.DataTest) ... ok
	test_long_description_expands_tabs (test_data.DataTest) ... ok
	test_object_message_expands_tabs (test_data.DataTest) ... ok
	test_short_description (test_data.DataTest) ... ok
	test_move_repr_look_good (test_data.ReprTest) ... ok
	test_move_repr_works_on_all_moves (test_data.ReprTest) ... ok
	test_object_repr (test_data.ReprTest) ... ok
	test_room_repr (test_data.ReprTest) ... ok
	test_word_repr (test_data.ReprTest) ... ok
	/home/varundn/CDS/Fall 2015/Python - DS-GA 1007/assignment5/vdn207/adventure/tests/syntax.txt
	Doctest: syntax.txt ... ok
	/home/varundn/CDS/Fall 2015/Python - DS-GA 1007/assignment5/vdn207/adventure/tests/vignettes.txt
	Doctest: vignettes.txt ... ok

	======================================================================
	FAIL: test_yes_answers (test_commands.CommandTest)
	----------------------------------------------------------------------
	Traceback (most recent call last):
	  File "/home/varundn/CDS/Fall 2015/Python - DS-GA 1007/assignment5/vdn207/adventure/tests/test_commands.py", line 43, in test_yes_answers
	    game.do_command([test_string])
	  File "game.py", line 434, in do_command
	    self._do_command(words)
	  File "game.py", line 460, in _do_command
	    callback(answer)
	AssertionError: False is not true

	----------------------------------------------------------------------
	Ran 14 tests in 4.316s

	FAILED (failures=1)

